[2024-07-10T09:01:47.954+0000] {taskinstance.py:1165} INFO - Dependencies all met for <TaskInstance: user_processing.is_api_available scheduled__2024-07-09T00:00:00+00:00 [queued]>
[2024-07-10T09:01:47.966+0000] {taskinstance.py:1165} INFO - Dependencies all met for <TaskInstance: user_processing.is_api_available scheduled__2024-07-09T00:00:00+00:00 [queued]>
[2024-07-10T09:01:47.967+0000] {taskinstance.py:1362} INFO - 
--------------------------------------------------------------------------------
[2024-07-10T09:01:47.968+0000] {taskinstance.py:1363} INFO - Starting attempt 1 of 1
[2024-07-10T09:01:47.969+0000] {taskinstance.py:1364} INFO - 
--------------------------------------------------------------------------------
[2024-07-10T09:01:47.994+0000] {taskinstance.py:1383} INFO - Executing <Task(HttpSensor): is_api_available> on 2024-07-09 00:00:00+00:00
[2024-07-10T09:01:48.013+0000] {standard_task_runner.py:55} INFO - Started process 8992 to run task
[2024-07-10T09:01:48.037+0000] {standard_task_runner.py:82} INFO - Running: ['***', 'tasks', 'run', 'user_processing', 'is_api_available', 'scheduled__2024-07-09T00:00:00+00:00', '--job-id', '17', '--raw', '--subdir', 'DAGS_FOLDER/user_processing.py', '--cfg-path', '/tmp/tmppik8ih_q']
[2024-07-10T09:01:48.079+0000] {standard_task_runner.py:83} INFO - Job 17: Subtask is_api_available
[2024-07-10T09:01:48.419+0000] {task_command.py:376} INFO - Running <TaskInstance: user_processing.is_api_available scheduled__2024-07-09T00:00:00+00:00 [running]> on host ee2fbeb286fd
[2024-07-10T09:01:48.538+0000] {taskinstance.py:1592} INFO - Exporting the following env vars:
AIRFLOW_CTX_DAG_OWNER=***
AIRFLOW_CTX_DAG_ID=user_processing
AIRFLOW_CTX_TASK_ID=is_api_available
AIRFLOW_CTX_EXECUTION_DATE=2024-07-09T00:00:00+00:00
AIRFLOW_CTX_TRY_NUMBER=1
AIRFLOW_CTX_DAG_RUN_ID=scheduled__2024-07-09T00:00:00+00:00
[2024-07-10T09:01:48.542+0000] {http.py:120} INFO - Poking: api/
[2024-07-10T09:01:48.566+0000] {base.py:71} INFO - Using connection ID 'user_api' for task execution.
[2024-07-10T09:01:48.593+0000] {http.py:148} INFO - Sending 'GET' to url: https://randomuser.me/api/
[2024-07-10T09:01:49.436+0000] {base.py:213} INFO - Success criteria met. Exiting.
[2024-07-10T09:01:49.474+0000] {taskinstance.py:1406} INFO - Marking task as SUCCESS. dag_id=user_processing, task_id=is_api_available, execution_date=20240709T000000, start_date=20240710T090147, end_date=20240710T090149
[2024-07-10T09:01:49.512+0000] {local_task_job.py:164} INFO - Task exited with return code 0
[2024-07-10T09:01:49.582+0000] {local_task_job.py:273} INFO - 1 downstream tasks scheduled from follow-on schedule check
