[2024-07-10T09:01:50.901+0000] {taskinstance.py:1165} INFO - Dependencies all met for <TaskInstance: user_processing.extract_user manual__2024-07-10T09:01:39.096710+00:00 [queued]>
[2024-07-10T09:01:50.910+0000] {taskinstance.py:1165} INFO - Dependencies all met for <TaskInstance: user_processing.extract_user manual__2024-07-10T09:01:39.096710+00:00 [queued]>
[2024-07-10T09:01:50.910+0000] {taskinstance.py:1362} INFO - 
--------------------------------------------------------------------------------
[2024-07-10T09:01:50.910+0000] {taskinstance.py:1363} INFO - Starting attempt 1 of 1
[2024-07-10T09:01:50.910+0000] {taskinstance.py:1364} INFO - 
--------------------------------------------------------------------------------
[2024-07-10T09:01:50.921+0000] {taskinstance.py:1383} INFO - Executing <Task(SimpleHttpOperator): extract_user> on 2024-07-10 09:01:39.096710+00:00
[2024-07-10T09:01:50.926+0000] {standard_task_runner.py:55} INFO - Started process 8997 to run task
[2024-07-10T09:01:50.935+0000] {standard_task_runner.py:82} INFO - Running: ['***', 'tasks', 'run', 'user_processing', 'extract_user', 'manual__2024-07-10T09:01:39.096710+00:00', '--job-id', '19', '--raw', '--subdir', 'DAGS_FOLDER/user_processing.py', '--cfg-path', '/tmp/tmpbl1o092_']
[2024-07-10T09:01:50.939+0000] {standard_task_runner.py:83} INFO - Job 19: Subtask extract_user
[2024-07-10T09:01:50.995+0000] {task_command.py:376} INFO - Running <TaskInstance: user_processing.extract_user manual__2024-07-10T09:01:39.096710+00:00 [running]> on host ee2fbeb286fd
[2024-07-10T09:01:51.070+0000] {taskinstance.py:1592} INFO - Exporting the following env vars:
AIRFLOW_CTX_DAG_OWNER=***
AIRFLOW_CTX_DAG_ID=user_processing
AIRFLOW_CTX_TASK_ID=extract_user
AIRFLOW_CTX_EXECUTION_DATE=2024-07-10T09:01:39.096710+00:00
AIRFLOW_CTX_TRY_NUMBER=1
AIRFLOW_CTX_DAG_RUN_ID=manual__2024-07-10T09:01:39.096710+00:00
[2024-07-10T09:01:51.071+0000] {http.py:121} INFO - Calling HTTP method
[2024-07-10T09:01:51.078+0000] {base.py:71} INFO - Using connection ID 'user_api' for task execution.
[2024-07-10T09:01:51.080+0000] {http.py:148} INFO - Sending 'GET' to url: https://randomuser.me/api/
[2024-07-10T09:01:51.830+0000] {http.py:125} INFO - {"results":[{"gender":"female","name":{"title":"Miss","first":"Gina","last":"Ellis"},"location":{"street":{"number":7347,"name":"Sunset St"},"city":"San Mateo","state":"New York","country":"United States","postcode":91559,"coordinates":{"latitude":"87.3669","longitude":"70.9454"},"timezone":{"offset":"-9:00","description":"Alaska"}},"email":"gina.ellis@example.com","login":{"uuid":"5332bcca-e1f6-48d9-9c65-cf487dd9b350","username":"goldenrabbit978","password":"gspot","salt":"e0AG1MgU","md5":"dd9ca0c310b64e9b629aa660aa492382","sha1":"39bda75e6221259b61801e409625653f5d528fd4","sha256":"b2546718dc1cc3235878cb031ea31b4ad0e92c1841fe40e473a8e64d571d8cf8"},"dob":{"date":"1959-09-25T02:37:41.561Z","age":64},"registered":{"date":"2013-02-04T03:43:49.697Z","age":11},"phone":"(885) 723-0938","cell":"(412) 604-9796","id":{"name":"SSN","value":"071-96-0501"},"picture":{"large":"https://randomuser.me/api/portraits/women/46.jpg","medium":"https://randomuser.me/api/portraits/med/women/46.jpg","thumbnail":"https://randomuser.me/api/portraits/thumb/women/46.jpg"},"nat":"US"}],"info":{"seed":"6c883fa9c8693384","results":1,"page":1,"version":"1.4"}}
[2024-07-10T09:01:51.856+0000] {taskinstance.py:1406} INFO - Marking task as SUCCESS. dag_id=user_processing, task_id=extract_user, execution_date=20240710T090139, start_date=20240710T090150, end_date=20240710T090151
[2024-07-10T09:01:51.882+0000] {local_task_job.py:164} INFO - Task exited with return code 0
[2024-07-10T09:01:51.914+0000] {local_task_job.py:273} INFO - 1 downstream tasks scheduled from follow-on schedule check
