[2024-07-10T09:04:42.621+0000] {taskinstance.py:1165} INFO - Dependencies all met for <TaskInstance: user_processing.is_api_available manual__2024-07-10T09:04:39.825956+00:00 [queued]>
[2024-07-10T09:04:42.627+0000] {taskinstance.py:1165} INFO - Dependencies all met for <TaskInstance: user_processing.is_api_available manual__2024-07-10T09:04:39.825956+00:00 [queued]>
[2024-07-10T09:04:42.628+0000] {taskinstance.py:1362} INFO - 
--------------------------------------------------------------------------------
[2024-07-10T09:04:42.628+0000] {taskinstance.py:1363} INFO - Starting attempt 1 of 1
[2024-07-10T09:04:42.628+0000] {taskinstance.py:1364} INFO - 
--------------------------------------------------------------------------------
[2024-07-10T09:04:42.636+0000] {taskinstance.py:1383} INFO - Executing <Task(HttpSensor): is_api_available> on 2024-07-10 09:04:39.825956+00:00
[2024-07-10T09:04:42.642+0000] {standard_task_runner.py:55} INFO - Started process 9159 to run task
[2024-07-10T09:04:42.645+0000] {standard_task_runner.py:82} INFO - Running: ['***', 'tasks', 'run', 'user_processing', 'is_api_available', 'manual__2024-07-10T09:04:39.825956+00:00', '--job-id', '26', '--raw', '--subdir', 'DAGS_FOLDER/user_processing.py', '--cfg-path', '/tmp/tmpcubauhza']
[2024-07-10T09:04:42.646+0000] {standard_task_runner.py:83} INFO - Job 26: Subtask is_api_available
[2024-07-10T09:04:42.810+0000] {task_command.py:376} INFO - Running <TaskInstance: user_processing.is_api_available manual__2024-07-10T09:04:39.825956+00:00 [running]> on host ee2fbeb286fd
[2024-07-10T09:04:42.907+0000] {taskinstance.py:1592} INFO - Exporting the following env vars:
AIRFLOW_CTX_DAG_OWNER=***
AIRFLOW_CTX_DAG_ID=user_processing
AIRFLOW_CTX_TASK_ID=is_api_available
AIRFLOW_CTX_EXECUTION_DATE=2024-07-10T09:04:39.825956+00:00
AIRFLOW_CTX_TRY_NUMBER=1
AIRFLOW_CTX_DAG_RUN_ID=manual__2024-07-10T09:04:39.825956+00:00
[2024-07-10T09:04:42.909+0000] {http.py:120} INFO - Poking: api/
[2024-07-10T09:04:42.932+0000] {base.py:71} INFO - Using connection ID 'user_api' for task execution.
[2024-07-10T09:04:42.946+0000] {http.py:148} INFO - Sending 'GET' to url: https://randomuser.me/api/
[2024-07-10T09:04:43.556+0000] {base.py:213} INFO - Success criteria met. Exiting.
[2024-07-10T09:04:43.579+0000] {taskinstance.py:1406} INFO - Marking task as SUCCESS. dag_id=user_processing, task_id=is_api_available, execution_date=20240710T090439, start_date=20240710T090442, end_date=20240710T090443
[2024-07-10T09:04:43.627+0000] {local_task_job.py:164} INFO - Task exited with return code 0
[2024-07-10T09:04:43.692+0000] {local_task_job.py:273} INFO - 1 downstream tasks scheduled from follow-on schedule check
