[2024-07-10T09:04:45.543+0000] {taskinstance.py:1165} INFO - Dependencies all met for <TaskInstance: user_processing.process_user manual__2024-07-10T09:04:39.825956+00:00 [queued]>
[2024-07-10T09:04:45.549+0000] {taskinstance.py:1165} INFO - Dependencies all met for <TaskInstance: user_processing.process_user manual__2024-07-10T09:04:39.825956+00:00 [queued]>
[2024-07-10T09:04:45.549+0000] {taskinstance.py:1362} INFO - 
--------------------------------------------------------------------------------
[2024-07-10T09:04:45.549+0000] {taskinstance.py:1363} INFO - Starting attempt 1 of 1
[2024-07-10T09:04:45.549+0000] {taskinstance.py:1364} INFO - 
--------------------------------------------------------------------------------
[2024-07-10T09:04:45.556+0000] {taskinstance.py:1383} INFO - Executing <Task(PythonOperator): process_user> on 2024-07-10 09:04:39.825956+00:00
[2024-07-10T09:04:45.559+0000] {standard_task_runner.py:55} INFO - Started process 9165 to run task
[2024-07-10T09:04:45.562+0000] {standard_task_runner.py:82} INFO - Running: ['***', 'tasks', 'run', 'user_processing', 'process_user', 'manual__2024-07-10T09:04:39.825956+00:00', '--job-id', '28', '--raw', '--subdir', 'DAGS_FOLDER/user_processing.py', '--cfg-path', '/tmp/tmpeyc9bvim']
[2024-07-10T09:04:45.563+0000] {standard_task_runner.py:83} INFO - Job 28: Subtask process_user
[2024-07-10T09:04:45.590+0000] {task_command.py:376} INFO - Running <TaskInstance: user_processing.process_user manual__2024-07-10T09:04:39.825956+00:00 [running]> on host ee2fbeb286fd
[2024-07-10T09:04:45.618+0000] {taskinstance.py:1592} INFO - Exporting the following env vars:
AIRFLOW_CTX_DAG_OWNER=***
AIRFLOW_CTX_DAG_ID=user_processing
AIRFLOW_CTX_TASK_ID=process_user
AIRFLOW_CTX_EXECUTION_DATE=2024-07-10T09:04:39.825956+00:00
AIRFLOW_CTX_TRY_NUMBER=1
AIRFLOW_CTX_DAG_RUN_ID=manual__2024-07-10T09:04:39.825956+00:00
[2024-07-10T09:04:45.635+0000] {python.py:177} INFO - Done. Returned value was: None
[2024-07-10T09:04:45.639+0000] {taskinstance.py:1406} INFO - Marking task as SUCCESS. dag_id=user_processing, task_id=process_user, execution_date=20240710T090439, start_date=20240710T090445, end_date=20240710T090445
[2024-07-10T09:04:45.659+0000] {local_task_job.py:164} INFO - Task exited with return code 0
[2024-07-10T09:04:45.672+0000] {local_task_job.py:273} INFO - 1 downstream tasks scheduled from follow-on schedule check
