[2024-07-10T06:08:46.603+0000] {taskinstance.py:1165} INFO - Dependencies all met for <TaskInstance: example_bash_operator.runme_2 manual__2024-07-10T06:08:28.209002+00:00 [queued]>
[2024-07-10T06:08:46.666+0000] {taskinstance.py:1165} INFO - Dependencies all met for <TaskInstance: example_bash_operator.runme_2 manual__2024-07-10T06:08:28.209002+00:00 [queued]>
[2024-07-10T06:08:46.669+0000] {taskinstance.py:1362} INFO - 
--------------------------------------------------------------------------------
[2024-07-10T06:08:46.670+0000] {taskinstance.py:1363} INFO - Starting attempt 1 of 1
[2024-07-10T06:08:46.672+0000] {taskinstance.py:1364} INFO - 
--------------------------------------------------------------------------------
[2024-07-10T06:08:46.908+0000] {taskinstance.py:1383} INFO - Executing <Task(BashOperator): runme_2> on 2024-07-10 06:08:28.209002+00:00
[2024-07-10T06:08:46.943+0000] {standard_task_runner.py:55} INFO - Started process 1679 to run task
[2024-07-10T06:08:46.984+0000] {standard_task_runner.py:82} INFO - Running: ['***', 'tasks', 'run', 'example_bash_operator', 'runme_2', 'manual__2024-07-10T06:08:28.209002+00:00', '--job-id', '8', '--raw', '--subdir', '/home/***/.local/lib/python3.7/site-packages/***/example_dags/example_bash_operator.py', '--cfg-path', '/tmp/tmpco3jtcgp']
[2024-07-10T06:08:46.989+0000] {standard_task_runner.py:83} INFO - Job 8: Subtask runme_2
[2024-07-10T06:08:47.811+0000] {task_command.py:376} INFO - Running <TaskInstance: example_bash_operator.runme_2 manual__2024-07-10T06:08:28.209002+00:00 [running]> on host ee2fbeb286fd
[2024-07-10T06:08:48.908+0000] {taskinstance.py:1592} INFO - Exporting the following env vars:
AIRFLOW_CTX_DAG_OWNER=***
AIRFLOW_CTX_DAG_ID=example_bash_operator
AIRFLOW_CTX_TASK_ID=runme_2
AIRFLOW_CTX_EXECUTION_DATE=2024-07-10T06:08:28.209002+00:00
AIRFLOW_CTX_TRY_NUMBER=1
AIRFLOW_CTX_DAG_RUN_ID=manual__2024-07-10T06:08:28.209002+00:00
[2024-07-10T06:08:48.930+0000] {subprocess.py:63} INFO - Tmp dir root location: 
 /tmp
[2024-07-10T06:08:48.954+0000] {subprocess.py:75} INFO - Running command: ['/bin/bash', '-c', 'echo "example_bash_operator__runme_2__20240710" && sleep 1']
[2024-07-10T06:08:49.004+0000] {subprocess.py:86} INFO - Output:
[2024-07-10T06:08:49.007+0000] {subprocess.py:93} INFO - example_bash_operator__runme_2__20240710
[2024-07-10T06:08:50.013+0000] {subprocess.py:97} INFO - Command exited with return code 0
[2024-07-10T06:08:50.079+0000] {taskinstance.py:1406} INFO - Marking task as SUCCESS. dag_id=example_bash_operator, task_id=runme_2, execution_date=20240710T060828, start_date=20240710T060846, end_date=20240710T060850
[2024-07-10T06:08:50.138+0000] {local_task_job.py:164} INFO - Task exited with return code 0
[2024-07-10T06:08:50.186+0000] {local_task_job.py:273} INFO - 1 downstream tasks scheduled from follow-on schedule check
