[2024-07-10T06:08:37.584+0000] {taskinstance.py:1165} INFO - Dependencies all met for <TaskInstance: example_bash_operator.runme_0 scheduled__2024-07-09T00:00:00+00:00 [queued]>
[2024-07-10T06:08:37.630+0000] {taskinstance.py:1165} INFO - Dependencies all met for <TaskInstance: example_bash_operator.runme_0 scheduled__2024-07-09T00:00:00+00:00 [queued]>
[2024-07-10T06:08:37.630+0000] {taskinstance.py:1362} INFO - 
--------------------------------------------------------------------------------
[2024-07-10T06:08:37.630+0000] {taskinstance.py:1363} INFO - Starting attempt 1 of 1
[2024-07-10T06:08:37.631+0000] {taskinstance.py:1364} INFO - 
--------------------------------------------------------------------------------
[2024-07-10T06:08:37.664+0000] {taskinstance.py:1383} INFO - Executing <Task(BashOperator): runme_0> on 2024-07-09 00:00:00+00:00
[2024-07-10T06:08:37.683+0000] {standard_task_runner.py:55} INFO - Started process 1659 to run task
[2024-07-10T06:08:37.688+0000] {standard_task_runner.py:82} INFO - Running: ['***', 'tasks', 'run', 'example_bash_operator', 'runme_0', 'scheduled__2024-07-09T00:00:00+00:00', '--job-id', '4', '--raw', '--subdir', '/home/***/.local/lib/python3.7/site-packages/***/example_dags/example_bash_operator.py', '--cfg-path', '/tmp/tmp5u9ewxws']
[2024-07-10T06:08:37.692+0000] {standard_task_runner.py:83} INFO - Job 4: Subtask runme_0
[2024-07-10T06:08:38.782+0000] {task_command.py:376} INFO - Running <TaskInstance: example_bash_operator.runme_0 scheduled__2024-07-09T00:00:00+00:00 [running]> on host ee2fbeb286fd
[2024-07-10T06:08:39.165+0000] {taskinstance.py:1592} INFO - Exporting the following env vars:
AIRFLOW_CTX_DAG_OWNER=***
AIRFLOW_CTX_DAG_ID=example_bash_operator
AIRFLOW_CTX_TASK_ID=runme_0
AIRFLOW_CTX_EXECUTION_DATE=2024-07-09T00:00:00+00:00
AIRFLOW_CTX_TRY_NUMBER=1
AIRFLOW_CTX_DAG_RUN_ID=scheduled__2024-07-09T00:00:00+00:00
[2024-07-10T06:08:39.463+0000] {subprocess.py:63} INFO - Tmp dir root location: 
 /tmp
[2024-07-10T06:08:39.552+0000] {subprocess.py:75} INFO - Running command: ['/bin/bash', '-c', 'echo "example_bash_operator__runme_0__20240709" && sleep 1']
[2024-07-10T06:08:39.603+0000] {subprocess.py:86} INFO - Output:
[2024-07-10T06:08:39.709+0000] {subprocess.py:93} INFO - example_bash_operator__runme_0__20240709
[2024-07-10T06:08:40.718+0000] {subprocess.py:97} INFO - Command exited with return code 0
[2024-07-10T06:08:40.861+0000] {taskinstance.py:1406} INFO - Marking task as SUCCESS. dag_id=example_bash_operator, task_id=runme_0, execution_date=20240709T000000, start_date=20240710T060837, end_date=20240710T060840
[2024-07-10T06:08:40.928+0000] {local_task_job.py:164} INFO - Task exited with return code 0
[2024-07-10T06:08:40.997+0000] {local_task_job.py:273} INFO - 0 downstream tasks scheduled from follow-on schedule check
