[2024-07-10T09:05:43.945+0000] {taskinstance.py:1165} INFO - Dependencies all met for <TaskInstance: user_processing.process_user manual__2024-07-10T09:05:38.762487+00:00 [queued]>
[2024-07-10T09:05:43.950+0000] {taskinstance.py:1165} INFO - Dependencies all met for <TaskInstance: user_processing.process_user manual__2024-07-10T09:05:38.762487+00:00 [queued]>
[2024-07-10T09:05:43.950+0000] {taskinstance.py:1362} INFO - 
--------------------------------------------------------------------------------
[2024-07-10T09:05:43.950+0000] {taskinstance.py:1363} INFO - Starting attempt 1 of 1
[2024-07-10T09:05:43.950+0000] {taskinstance.py:1364} INFO - 
--------------------------------------------------------------------------------
[2024-07-10T09:05:43.955+0000] {taskinstance.py:1383} INFO - Executing <Task(PythonOperator): process_user> on 2024-07-10 09:05:38.762487+00:00
[2024-07-10T09:05:43.958+0000] {standard_task_runner.py:55} INFO - Started process 9234 to run task
[2024-07-10T09:05:43.960+0000] {standard_task_runner.py:82} INFO - Running: ['***', 'tasks', 'run', 'user_processing', 'process_user', 'manual__2024-07-10T09:05:38.762487+00:00', '--job-id', '33', '--raw', '--subdir', 'DAGS_FOLDER/user_processing.py', '--cfg-path', '/tmp/tmpo0ne8230']
[2024-07-10T09:05:43.961+0000] {standard_task_runner.py:83} INFO - Job 33: Subtask process_user
[2024-07-10T09:05:43.988+0000] {task_command.py:376} INFO - Running <TaskInstance: user_processing.process_user manual__2024-07-10T09:05:38.762487+00:00 [running]> on host ee2fbeb286fd
[2024-07-10T09:05:44.015+0000] {taskinstance.py:1592} INFO - Exporting the following env vars:
AIRFLOW_CTX_DAG_OWNER=***
AIRFLOW_CTX_DAG_ID=user_processing
AIRFLOW_CTX_TASK_ID=process_user
AIRFLOW_CTX_EXECUTION_DATE=2024-07-10T09:05:38.762487+00:00
AIRFLOW_CTX_TRY_NUMBER=1
AIRFLOW_CTX_DAG_RUN_ID=manual__2024-07-10T09:05:38.762487+00:00
[2024-07-10T09:05:44.025+0000] {python.py:177} INFO - Done. Returned value was: None
[2024-07-10T09:05:44.029+0000] {taskinstance.py:1406} INFO - Marking task as SUCCESS. dag_id=user_processing, task_id=process_user, execution_date=20240710T090538, start_date=20240710T090543, end_date=20240710T090544
[2024-07-10T09:05:44.059+0000] {local_task_job.py:164} INFO - Task exited with return code 0
[2024-07-10T09:05:44.076+0000] {local_task_job.py:273} INFO - 0 downstream tasks scheduled from follow-on schedule check
