[2024-07-10T09:01:50.901+0000] {taskinstance.py:1165} INFO - Dependencies all met for <TaskInstance: user_processing.extract_user scheduled__2024-07-09T00:00:00+00:00 [queued]>
[2024-07-10T09:01:50.911+0000] {taskinstance.py:1165} INFO - Dependencies all met for <TaskInstance: user_processing.extract_user scheduled__2024-07-09T00:00:00+00:00 [queued]>
[2024-07-10T09:01:50.914+0000] {taskinstance.py:1362} INFO - 
--------------------------------------------------------------------------------
[2024-07-10T09:01:50.914+0000] {taskinstance.py:1363} INFO - Starting attempt 1 of 1
[2024-07-10T09:01:50.915+0000] {taskinstance.py:1364} INFO - 
--------------------------------------------------------------------------------
[2024-07-10T09:01:50.924+0000] {taskinstance.py:1383} INFO - Executing <Task(SimpleHttpOperator): extract_user> on 2024-07-09 00:00:00+00:00
[2024-07-10T09:01:50.934+0000] {standard_task_runner.py:55} INFO - Started process 8998 to run task
[2024-07-10T09:01:50.942+0000] {standard_task_runner.py:82} INFO - Running: ['***', 'tasks', 'run', 'user_processing', 'extract_user', 'scheduled__2024-07-09T00:00:00+00:00', '--job-id', '20', '--raw', '--subdir', 'DAGS_FOLDER/user_processing.py', '--cfg-path', '/tmp/tmphg740m47']
[2024-07-10T09:01:50.946+0000] {standard_task_runner.py:83} INFO - Job 20: Subtask extract_user
[2024-07-10T09:01:50.995+0000] {task_command.py:376} INFO - Running <TaskInstance: user_processing.extract_user scheduled__2024-07-09T00:00:00+00:00 [running]> on host ee2fbeb286fd
[2024-07-10T09:01:51.070+0000] {taskinstance.py:1592} INFO - Exporting the following env vars:
AIRFLOW_CTX_DAG_OWNER=***
AIRFLOW_CTX_DAG_ID=user_processing
AIRFLOW_CTX_TASK_ID=extract_user
AIRFLOW_CTX_EXECUTION_DATE=2024-07-09T00:00:00+00:00
AIRFLOW_CTX_TRY_NUMBER=1
AIRFLOW_CTX_DAG_RUN_ID=scheduled__2024-07-09T00:00:00+00:00
[2024-07-10T09:01:51.071+0000] {http.py:121} INFO - Calling HTTP method
[2024-07-10T09:01:51.078+0000] {base.py:71} INFO - Using connection ID 'user_api' for task execution.
[2024-07-10T09:01:51.081+0000] {http.py:148} INFO - Sending 'GET' to url: https://randomuser.me/api/
[2024-07-10T09:01:51.645+0000] {http.py:125} INFO - {"results":[{"gender":"male","name":{"title":"Mr","first":"David","last":"Ambrose"},"location":{"street":{"number":7438,"name":"Pine Rd"},"city":"Jasper","state":"Québec","country":"Canada","postcode":"N5X 2N3","coordinates":{"latitude":"-68.5865","longitude":"-146.5230"},"timezone":{"offset":"+4:00","description":"Abu Dhabi, Muscat, Baku, Tbilisi"}},"email":"david.ambrose@example.com","login":{"uuid":"309bb7d6-f179-4cf9-9af2-6a5c306d7240","username":"whitecat491","password":"oberon","salt":"7eBKX0M1","md5":"a8125ca2c551636416244517a1305cea","sha1":"afc04e242d0d20eeaf2416feab18051993c2c91f","sha256":"8b221634f7970c96afd859887b05c7007e30817670f35029a0b8da240f994d5e"},"dob":{"date":"1980-09-19T11:27:49.172Z","age":43},"registered":{"date":"2008-08-26T18:05:45.323Z","age":15},"phone":"F03 V41-2019","cell":"D69 U05-4365","id":{"name":"SIN","value":"136591393"},"picture":{"large":"https://randomuser.me/api/portraits/men/79.jpg","medium":"https://randomuser.me/api/portraits/med/men/79.jpg","thumbnail":"https://randomuser.me/api/portraits/thumb/men/79.jpg"},"nat":"CA"}],"info":{"seed":"3db00634658ac57a","results":1,"page":1,"version":"1.4"}}
[2024-07-10T09:01:51.689+0000] {taskinstance.py:1406} INFO - Marking task as SUCCESS. dag_id=user_processing, task_id=extract_user, execution_date=20240709T000000, start_date=20240710T090150, end_date=20240710T090151
[2024-07-10T09:01:51.721+0000] {local_task_job.py:164} INFO - Task exited with return code 0
[2024-07-10T09:01:51.781+0000] {local_task_job.py:273} INFO - 1 downstream tasks scheduled from follow-on schedule check
