[2024-07-11T00:04:24.184+0000] {taskinstance.py:1165} INFO - Dependencies all met for <TaskInstance: example_bash_operator.runme_1 scheduled__2024-07-10T00:00:00+00:00 [queued]>
[2024-07-11T00:04:24.690+0000] {taskinstance.py:1165} INFO - Dependencies all met for <TaskInstance: example_bash_operator.runme_1 scheduled__2024-07-10T00:00:00+00:00 [queued]>
[2024-07-11T00:04:24.700+0000] {taskinstance.py:1362} INFO - 
--------------------------------------------------------------------------------
[2024-07-11T00:04:24.725+0000] {taskinstance.py:1363} INFO - Starting attempt 1 of 1
[2024-07-11T00:04:24.726+0000] {taskinstance.py:1364} INFO - 
--------------------------------------------------------------------------------
[2024-07-11T00:04:25.375+0000] {taskinstance.py:1383} INFO - Executing <Task(BashOperator): runme_1> on 2024-07-10 00:00:00+00:00
[2024-07-11T00:04:25.634+0000] {standard_task_runner.py:55} INFO - Started process 15083 to run task
[2024-07-11T00:04:26.492+0000] {standard_task_runner.py:82} INFO - Running: ['***', 'tasks', 'run', 'example_bash_operator', 'runme_1', 'scheduled__2024-07-10T00:00:00+00:00', '--job-id', '39', '--raw', '--subdir', '/home/***/.local/lib/python3.7/site-packages/***/example_dags/example_bash_operator.py', '--cfg-path', '/tmp/tmpsfo381qi']
[2024-07-11T00:04:26.498+0000] {standard_task_runner.py:83} INFO - Job 39: Subtask runme_1
[2024-07-11T00:04:34.083+0000] {task_command.py:376} INFO - Running <TaskInstance: example_bash_operator.runme_1 scheduled__2024-07-10T00:00:00+00:00 [running]> on host ee2fbeb286fd
[2024-07-11T00:04:37.023+0000] {taskinstance.py:1592} INFO - Exporting the following env vars:
AIRFLOW_CTX_DAG_OWNER=***
AIRFLOW_CTX_DAG_ID=example_bash_operator
AIRFLOW_CTX_TASK_ID=runme_1
AIRFLOW_CTX_EXECUTION_DATE=2024-07-10T00:00:00+00:00
AIRFLOW_CTX_TRY_NUMBER=1
AIRFLOW_CTX_DAG_RUN_ID=scheduled__2024-07-10T00:00:00+00:00
[2024-07-11T00:04:37.702+0000] {subprocess.py:63} INFO - Tmp dir root location: 
 /tmp
[2024-07-11T00:04:37.751+0000] {subprocess.py:75} INFO - Running command: ['/bin/bash', '-c', 'echo "example_bash_operator__runme_1__20240710" && sleep 1']
[2024-07-11T00:04:37.844+0000] {subprocess.py:86} INFO - Output:
[2024-07-11T00:04:37.856+0000] {subprocess.py:93} INFO - example_bash_operator__runme_1__20240710
[2024-07-11T00:04:38.881+0000] {subprocess.py:97} INFO - Command exited with return code 0
[2024-07-11T00:04:39.997+0000] {taskinstance.py:1406} INFO - Marking task as SUCCESS. dag_id=example_bash_operator, task_id=runme_1, execution_date=20240710T000000, start_date=20240711T000424, end_date=20240711T000439
[2024-07-11T00:04:40.667+0000] {local_task_job.py:164} INFO - Task exited with return code 0
[2024-07-11T00:05:02.670+0000] {local_task_job.py:273} INFO - 0 downstream tasks scheduled from follow-on schedule check
