[2024-07-11T00:05:31.624+0000] {taskinstance.py:1165} INFO - Dependencies all met for <TaskInstance: user_processing.extract_user scheduled__2024-07-10T00:00:00+00:00 [queued]>
[2024-07-11T00:05:31.632+0000] {taskinstance.py:1165} INFO - Dependencies all met for <TaskInstance: user_processing.extract_user scheduled__2024-07-10T00:00:00+00:00 [queued]>
[2024-07-11T00:05:31.632+0000] {taskinstance.py:1362} INFO - 
--------------------------------------------------------------------------------
[2024-07-11T00:05:31.633+0000] {taskinstance.py:1363} INFO - Starting attempt 1 of 1
[2024-07-11T00:05:31.633+0000] {taskinstance.py:1364} INFO - 
--------------------------------------------------------------------------------
[2024-07-11T00:05:31.644+0000] {taskinstance.py:1383} INFO - Executing <Task(SimpleHttpOperator): extract_user> on 2024-07-10 00:00:00+00:00
[2024-07-11T00:05:31.686+0000] {standard_task_runner.py:55} INFO - Started process 15135 to run task
[2024-07-11T00:05:31.715+0000] {standard_task_runner.py:82} INFO - Running: ['***', 'tasks', 'run', 'user_processing', 'extract_user', 'scheduled__2024-07-10T00:00:00+00:00', '--job-id', '43', '--raw', '--subdir', 'DAGS_FOLDER/user_processing.py', '--cfg-path', '/tmp/tmpwi_jid5g']
[2024-07-11T00:05:31.727+0000] {standard_task_runner.py:83} INFO - Job 43: Subtask extract_user
[2024-07-11T00:05:31.906+0000] {task_command.py:376} INFO - Running <TaskInstance: user_processing.extract_user scheduled__2024-07-10T00:00:00+00:00 [running]> on host ee2fbeb286fd
[2024-07-11T00:05:31.973+0000] {taskinstance.py:1592} INFO - Exporting the following env vars:
AIRFLOW_CTX_DAG_OWNER=***
AIRFLOW_CTX_DAG_ID=user_processing
AIRFLOW_CTX_TASK_ID=extract_user
AIRFLOW_CTX_EXECUTION_DATE=2024-07-10T00:00:00+00:00
AIRFLOW_CTX_TRY_NUMBER=1
AIRFLOW_CTX_DAG_RUN_ID=scheduled__2024-07-10T00:00:00+00:00
[2024-07-11T00:05:31.977+0000] {http.py:121} INFO - Calling HTTP method
[2024-07-11T00:05:32.018+0000] {base.py:71} INFO - Using connection ID 'user_api' for task execution.
[2024-07-11T00:05:32.039+0000] {http.py:148} INFO - Sending 'GET' to url: https://randomuser.me/api/
[2024-07-11T00:05:32.802+0000] {http.py:125} INFO - {"results":[{"gender":"female","name":{"title":"Miss","first":"Stefani","last":"Storz"},"location":{"street":{"number":6461,"name":"Erlenweg"},"city":"Vreden","state":"Sachsen-Anhalt","country":"Germany","postcode":62377,"coordinates":{"latitude":"-47.3026","longitude":"144.4322"},"timezone":{"offset":"+8:00","description":"Beijing, Perth, Singapore, Hong Kong"}},"email":"stefani.storz@example.com","login":{"uuid":"ed3da4ed-9178-4df2-a7d2-7fc8c1098d35","username":"bigkoala953","password":"sprint","salt":"hCFZ7llE","md5":"ed73e0e375e337c7fcb054672e0562ce","sha1":"6de1ffb442d080ba078324536096a76994183598","sha256":"c77eb894c672e6e83a2807afbdf2e7ec0882d98e701107dc9755f50b9a055304"},"dob":{"date":"1989-06-20T20:21:30.220Z","age":35},"registered":{"date":"2013-02-12T02:59:30.180Z","age":11},"phone":"0005-5813181","cell":"0176-0457822","id":{"name":"SVNR","value":"02 200689 S 724"},"picture":{"large":"https://randomuser.me/api/portraits/women/75.jpg","medium":"https://randomuser.me/api/portraits/med/women/75.jpg","thumbnail":"https://randomuser.me/api/portraits/thumb/women/75.jpg"},"nat":"DE"}],"info":{"seed":"74630d58354615d6","results":1,"page":1,"version":"1.4"}}
[2024-07-11T00:05:32.938+0000] {taskinstance.py:1406} INFO - Marking task as SUCCESS. dag_id=user_processing, task_id=extract_user, execution_date=20240710T000000, start_date=20240711T000531, end_date=20240711T000532
[2024-07-11T00:05:33.042+0000] {local_task_job.py:164} INFO - Task exited with return code 0
[2024-07-11T00:05:33.125+0000] {local_task_job.py:273} INFO - 1 downstream tasks scheduled from follow-on schedule check
