[2024-07-11T00:04:20.884+0000] {taskinstance.py:1165} INFO - Dependencies all met for <TaskInstance: example_bash_operator.runme_0 scheduled__2024-07-10T00:00:00+00:00 [queued]>
[2024-07-11T00:04:22.296+0000] {taskinstance.py:1165} INFO - Dependencies all met for <TaskInstance: example_bash_operator.runme_0 scheduled__2024-07-10T00:00:00+00:00 [queued]>
[2024-07-11T00:04:22.310+0000] {taskinstance.py:1362} INFO - 
--------------------------------------------------------------------------------
[2024-07-11T00:04:22.310+0000] {taskinstance.py:1363} INFO - Starting attempt 1 of 1
[2024-07-11T00:04:22.311+0000] {taskinstance.py:1364} INFO - 
--------------------------------------------------------------------------------
[2024-07-11T00:04:23.037+0000] {taskinstance.py:1383} INFO - Executing <Task(BashOperator): runme_0> on 2024-07-10 00:00:00+00:00
[2024-07-11T00:04:23.491+0000] {standard_task_runner.py:55} INFO - Started process 15081 to run task
[2024-07-11T00:04:23.804+0000] {standard_task_runner.py:82} INFO - Running: ['***', 'tasks', 'run', 'example_bash_operator', 'runme_0', 'scheduled__2024-07-10T00:00:00+00:00', '--job-id', '37', '--raw', '--subdir', '/home/***/.local/lib/python3.7/site-packages/***/example_dags/example_bash_operator.py', '--cfg-path', '/tmp/tmpf0nbnx0r']
[2024-07-11T00:04:23.822+0000] {standard_task_runner.py:83} INFO - Job 37: Subtask runme_0
[2024-07-11T00:04:27.056+0000] {task_command.py:376} INFO - Running <TaskInstance: example_bash_operator.runme_0 scheduled__2024-07-10T00:00:00+00:00 [running]> on host ee2fbeb286fd
[2024-07-11T00:04:32.065+0000] {taskinstance.py:1592} INFO - Exporting the following env vars:
AIRFLOW_CTX_DAG_OWNER=***
AIRFLOW_CTX_DAG_ID=example_bash_operator
AIRFLOW_CTX_TASK_ID=runme_0
AIRFLOW_CTX_EXECUTION_DATE=2024-07-10T00:00:00+00:00
AIRFLOW_CTX_TRY_NUMBER=1
AIRFLOW_CTX_DAG_RUN_ID=scheduled__2024-07-10T00:00:00+00:00
[2024-07-11T00:04:34.173+0000] {subprocess.py:63} INFO - Tmp dir root location: 
 /tmp
[2024-07-11T00:04:34.211+0000] {subprocess.py:75} INFO - Running command: ['/bin/bash', '-c', 'echo "example_bash_operator__runme_0__20240710" && sleep 1']
[2024-07-11T00:04:34.455+0000] {subprocess.py:86} INFO - Output:
[2024-07-11T00:04:34.570+0000] {subprocess.py:93} INFO - example_bash_operator__runme_0__20240710
[2024-07-11T00:04:35.640+0000] {subprocess.py:97} INFO - Command exited with return code 0
[2024-07-11T00:04:37.082+0000] {taskinstance.py:1406} INFO - Marking task as SUCCESS. dag_id=example_bash_operator, task_id=runme_0, execution_date=20240710T000000, start_date=20240711T000421, end_date=20240711T000437
[2024-07-11T00:04:37.816+0000] {local_task_job.py:164} INFO - Task exited with return code 0
[2024-07-11T00:05:09.647+0000] {local_task_job.py:273} INFO - 0 downstream tasks scheduled from follow-on schedule check
