[2024-07-10T09:05:41.624+0000] {taskinstance.py:1165} INFO - Dependencies all met for <TaskInstance: user_processing.extract_user manual__2024-07-10T09:05:38.762487+00:00 [queued]>
[2024-07-10T09:05:41.629+0000] {taskinstance.py:1165} INFO - Dependencies all met for <TaskInstance: user_processing.extract_user manual__2024-07-10T09:05:38.762487+00:00 [queued]>
[2024-07-10T09:05:41.629+0000] {taskinstance.py:1362} INFO - 
--------------------------------------------------------------------------------
[2024-07-10T09:05:41.630+0000] {taskinstance.py:1363} INFO - Starting attempt 1 of 1
[2024-07-10T09:05:41.630+0000] {taskinstance.py:1364} INFO - 
--------------------------------------------------------------------------------
[2024-07-10T09:05:41.636+0000] {taskinstance.py:1383} INFO - Executing <Task(SimpleHttpOperator): extract_user> on 2024-07-10 09:05:38.762487+00:00
[2024-07-10T09:05:41.639+0000] {standard_task_runner.py:55} INFO - Started process 9222 to run task
[2024-07-10T09:05:41.641+0000] {standard_task_runner.py:82} INFO - Running: ['***', 'tasks', 'run', 'user_processing', 'extract_user', 'manual__2024-07-10T09:05:38.762487+00:00', '--job-id', '32', '--raw', '--subdir', 'DAGS_FOLDER/user_processing.py', '--cfg-path', '/tmp/tmpq137368n']
[2024-07-10T09:05:41.642+0000] {standard_task_runner.py:83} INFO - Job 32: Subtask extract_user
[2024-07-10T09:05:41.685+0000] {task_command.py:376} INFO - Running <TaskInstance: user_processing.extract_user manual__2024-07-10T09:05:38.762487+00:00 [running]> on host ee2fbeb286fd
[2024-07-10T09:05:41.720+0000] {taskinstance.py:1592} INFO - Exporting the following env vars:
AIRFLOW_CTX_DAG_OWNER=***
AIRFLOW_CTX_DAG_ID=user_processing
AIRFLOW_CTX_TASK_ID=extract_user
AIRFLOW_CTX_EXECUTION_DATE=2024-07-10T09:05:38.762487+00:00
AIRFLOW_CTX_TRY_NUMBER=1
AIRFLOW_CTX_DAG_RUN_ID=manual__2024-07-10T09:05:38.762487+00:00
[2024-07-10T09:05:41.721+0000] {http.py:121} INFO - Calling HTTP method
[2024-07-10T09:05:41.727+0000] {base.py:71} INFO - Using connection ID 'user_api' for task execution.
[2024-07-10T09:05:41.728+0000] {http.py:148} INFO - Sending 'GET' to url: https://randomuser.me/api/
[2024-07-10T09:05:42.443+0000] {http.py:125} INFO - {"results":[{"gender":"male","name":{"title":"Mr","first":"Konsta","last":"Pesola"},"location":{"street":{"number":992,"name":"Nordenskiöldinkatu"},"city":"Lapinjärvi","state":"Lapland","country":"Finland","postcode":29113,"coordinates":{"latitude":"-27.5052","longitude":"-74.3695"},"timezone":{"offset":"+7:00","description":"Bangkok, Hanoi, Jakarta"}},"email":"konsta.pesola@example.com","login":{"uuid":"7bd17643-2e84-4ed9-8023-d9addea91a47","username":"blueduck887","password":"242424","salt":"k5Hr42Kd","md5":"e14e28bd9a363462790613dc106d2240","sha1":"dfe80150887c1d3b246442394e70219278e48dc6","sha256":"0c6a1be4e9603618ffdb2935d563b6e82b845a5dc7c6aa232f24dcc19a09f68a"},"dob":{"date":"1977-09-15T16:51:51.279Z","age":46},"registered":{"date":"2015-03-24T15:20:52.218Z","age":9},"phone":"08-965-062","cell":"044-572-67-95","id":{"name":"HETU","value":"NaNNA057undefined"},"picture":{"large":"https://randomuser.me/api/portraits/men/86.jpg","medium":"https://randomuser.me/api/portraits/med/men/86.jpg","thumbnail":"https://randomuser.me/api/portraits/thumb/men/86.jpg"},"nat":"FI"}],"info":{"seed":"dede396acf1ae413","results":1,"page":1,"version":"1.4"}}
[2024-07-10T09:05:42.484+0000] {taskinstance.py:1406} INFO - Marking task as SUCCESS. dag_id=user_processing, task_id=extract_user, execution_date=20240710T090538, start_date=20240710T090541, end_date=20240710T090542
[2024-07-10T09:05:42.521+0000] {local_task_job.py:164} INFO - Task exited with return code 0
[2024-07-10T09:05:42.559+0000] {local_task_job.py:273} INFO - 1 downstream tasks scheduled from follow-on schedule check
